<?xml version="1.0" encoding="UTF-8"?>
<testsuite name="TestSuite" time="50.368" tests="3" errors="0" skipped="2" failures="1">
  <properties>
[...]
</properties>
  <testcase name="beforeClass" classname="com.nancy.testscripts.AddMultipleDressToCart" time="50.368">
    <failure message="Failed to connect to binary FirefoxBinary(C:\Program Files (x86)\Mozilla Firefox\firefox.exe) on port 7055; process output follows: &#10;g bootstrap method startup on screenshots@mozilla.org version 6.6.0&#10;1498225647321	addons.xpi	DEBUG	Registering manifest for C:\Program Files (x86)\Mozilla Firefox\browser\features\webcompat@mozilla.org.xpi&#10;1498225647322	addons.xpi	DEBUG	Calling bootstrap method startup on webcompat@mozilla.org version 1.1&#10;1498225647325	addons.xpi	DEBUG	Calling bootstrap method startup on wx-assistant@mozillaonline.com version 2.0.2&#10;1498225647328	addons.manager	DEBUG	Registering shutdown blocker for XPIProvider&#10;1498225647328	addons.manager	DEBUG	Provider finished startup: XPIProvider&#10;1498225647328	addons.manager	DEBUG	Starting provider: LightweightThemeManager&#10;1498225647328	addons.manager	DEBUG	Registering shutdown blocker for LightweightThemeManager&#10;1498225647328	addons.manager	DEBUG	Provider finished startup: LightweightThemeManager&#10;1498225647329	addons.manager	DEBUG	Starting provider: GMPProvider&#10;1498225647336	addons.manager	DEBUG	Registering shutdown blocker for GMPProvider&#10;1498225647337	addons.manager	DEBUG	Provider finished startup: GMPProvider&#10;1498225647337	addons.manager	DEBUG	Starting provider: PluginProvider&#10;1498225647337	addons.manager	DEBUG	Registering shutdown blocker for PluginProvider&#10;1498225647338	addons.manager	DEBUG	Provider finished startup: PluginProvider&#10;1498225647338	addons.manager	DEBUG	Completed startup sequence&#10;JavaScript error: resource://cpmanager-clv/CCLVData.jsm, line 46: NS_NOINTERFACE: Component returned failure code: 0x80004002 (NS_NOINTERFACE) [nsIFileURL.file]&#10;1498225648822	addons.manager	DEBUG	Starting provider: &lt;unnamed-provider&gt;&#10;1498225648823	addons.manager	DEBUG	Registering shutdown blocker for &lt;unnamed-provider&gt;&#10;1498225648823	addons.manager	DEBUG	Provider finished startup: &lt;unnamed-provider&gt;&#10;1498225648827	DeferredSave.extensions.json	DEBUG	Write succeeded&#10;1498225648827	DeferredSave.extensions.json	DEBUG	Starting timer&#10;JavaScript error: resource://cmsafeflag/SkipSBData.jsm, line 46: NS_NOINTERFACE: Component returned failure code: 0x80004002 (NS_NOINTERFACE) [nsIFileURL.file]&#10;JavaScript error: resource://cmsafeflag/SkipSBData.jsm, line 85: TypeError: aFile is undefined&#10;JavaScript error: resource://cmsafeflag/SkipSBData.jsm, line 85: TypeError: aFile is undefined&#10;JavaScript error: resource://cmsafeflag/SkipSBData.jsm, line 85: TypeError: aFile is undefined&#10;1498225648939	DeferredSave.extensions.json	DEBUG	Starting write&#10;1498225649007	addons.webextension.wx-assistant@mozillaonline.com	WARN	Please specify whether you want browser_style or not in your browser_action options.&#10;1498225649424	addons.repository	DEBUG	No addons.json found.&#10;1498225649425	DeferredSave.addons.json	DEBUG	Save changes&#10;1498225649430	DeferredSave.addons.json	DEBUG	Starting timer&#10;1498225649640	addons.manager	DEBUG	Starting provider: PreviousExperimentProvider&#10;1498225649640	addons.manager	DEBUG	Registering shutdown blocker for PreviousExperimentProvider&#10;1498225649641	addons.manager	DEBUG	Provider finished startup: PreviousExperimentProvider&#10;JavaScript error: resource://cmsafeflag/SkipSBData.jsm, line 85: TypeError: aFile is undefined&#10;1498225649739	DeferredSave.addons.json	DEBUG	Starting write&#10;1498225649844	DeferredSave.extensions.json	DEBUG	Write succeeded&#10;JavaScript error: resource://cmsafeflag/SkipSBData.jsm, line 85: TypeError: aFile is undefined&#10;JavaScript error: http://offlintab.firefoxchina.cn/static/preload.html, line 131: ReferenceError: mozIndexedDB is not defined&#10;JavaScript error: resource://cmsafeflag/SkipSBData.jsm, line 85: TypeError: aFile is undefined&#10;1498225649998	DeferredSave.addons.json	DEBUG	Write succeeded&#10;JavaScript error: resource://cmsafeflag/SkipSBData.jsm, line 85: TypeError: aFile is undefined&#10;JavaScript error: resource://cmsafeflag/SkipSBData.jsm, line 85: TypeError: aFile is undefined&#10;JavaScript error: resource://cmsafeflag/SkipSBData.jsm, line 85: TypeError: aFile is undefined&#10;JavaScript error: resource://cmsafeflag/SkipSBData.jsm, line 85: TypeError: aFile is undefined&#10;JavaScript error: resource://cmsafeflag/SkipSBData.jsm, line 85: TypeError: aFile is undefined&#10;&#10;Build info: version: &apos;3.0.1&apos;, revision: &apos;1969d75&apos;, time: &apos;2016-10-18 09:49:13 -0700&apos;&#10;System info: host: &apos;DESKTOP-DSMJV8E&apos;, ip: &apos;192.168.1.100&apos;, os.name: &apos;Windows 10&apos;, os.arch: &apos;amd64&apos;, os.version: &apos;10.0&apos;, java.version: &apos;1.8.0_121&apos;&#10;Driver info: driver.version: FirefoxDriver" type="org.openqa.selenium.WebDriverException"><![CDATA[org.openqa.selenium.WebDriverException: Failed to connect to binary FirefoxBinary(C:\Program Files (x86)\Mozilla Firefox\firefox.exe) on port 7055; process output follows: 
g bootstrap method startup on screenshots@mozilla.org version 6.6.0
1498225647321	addons.xpi	DEBUG	Registering manifest for C:\Program Files (x86)\Mozilla Firefox\browser\features\webcompat@mozilla.org.xpi
1498225647322	addons.xpi	DEBUG	Calling bootstrap method startup on webcompat@mozilla.org version 1.1
1498225647325	addons.xpi	DEBUG	Calling bootstrap method startup on wx-assistant@mozillaonline.com version 2.0.2
1498225647328	addons.manager	DEBUG	Registering shutdown blocker for XPIProvider
1498225647328	addons.manager	DEBUG	Provider finished startup: XPIProvider
1498225647328	addons.manager	DEBUG	Starting provider: LightweightThemeManager
1498225647328	addons.manager	DEBUG	Registering shutdown blocker for LightweightThemeManager
1498225647328	addons.manager	DEBUG	Provider finished startup: LightweightThemeManager
1498225647329	addons.manager	DEBUG	Starting provider: GMPProvider
1498225647336	addons.manager	DEBUG	Registering shutdown blocker for GMPProvider
1498225647337	addons.manager	DEBUG	Provider finished startup: GMPProvider
1498225647337	addons.manager	DEBUG	Starting provider: PluginProvider
1498225647337	addons.manager	DEBUG	Registering shutdown blocker for PluginProvider
1498225647338	addons.manager	DEBUG	Provider finished startup: PluginProvider
1498225647338	addons.manager	DEBUG	Completed startup sequence
JavaScript error: resource://cpmanager-clv/CCLVData.jsm, line 46: NS_NOINTERFACE: Component returned failure code: 0x80004002 (NS_NOINTERFACE) [nsIFileURL.file]
1498225648822	addons.manager	DEBUG	Starting provider: <unnamed-provider>
1498225648823	addons.manager	DEBUG	Registering shutdown blocker for <unnamed-provider>
1498225648823	addons.manager	DEBUG	Provider finished startup: <unnamed-provider>
1498225648827	DeferredSave.extensions.json	DEBUG	Write succeeded
1498225648827	DeferredSave.extensions.json	DEBUG	Starting timer
JavaScript error: resource://cmsafeflag/SkipSBData.jsm, line 46: NS_NOINTERFACE: Component returned failure code: 0x80004002 (NS_NOINTERFACE) [nsIFileURL.file]
JavaScript error: resource://cmsafeflag/SkipSBData.jsm, line 85: TypeError: aFile is undefined
JavaScript error: resource://cmsafeflag/SkipSBData.jsm, line 85: TypeError: aFile is undefined
JavaScript error: resource://cmsafeflag/SkipSBData.jsm, line 85: TypeError: aFile is undefined
1498225648939	DeferredSave.extensions.json	DEBUG	Starting write
1498225649007	addons.webextension.wx-assistant@mozillaonline.com	WARN	Please specify whether you want browser_style or not in your browser_action options.
1498225649424	addons.repository	DEBUG	No addons.json found.
1498225649425	DeferredSave.addons.json	DEBUG	Save changes
1498225649430	DeferredSave.addons.json	DEBUG	Starting timer
1498225649640	addons.manager	DEBUG	Starting provider: PreviousExperimentProvider
1498225649640	addons.manager	DEBUG	Registering shutdown blocker for PreviousExperimentProvider
1498225649641	addons.manager	DEBUG	Provider finished startup: PreviousExperimentProvider
JavaScript error: resource://cmsafeflag/SkipSBData.jsm, line 85: TypeError: aFile is undefined
1498225649739	DeferredSave.addons.json	DEBUG	Starting write
1498225649844	DeferredSave.extensions.json	DEBUG	Write succeeded
JavaScript error: resource://cmsafeflag/SkipSBData.jsm, line 85: TypeError: aFile is undefined
JavaScript error: http://offlintab.firefoxchina.cn/static/preload.html, line 131: ReferenceError: mozIndexedDB is not defined
JavaScript error: resource://cmsafeflag/SkipSBData.jsm, line 85: TypeError: aFile is undefined
1498225649998	DeferredSave.addons.json	DEBUG	Write succeeded
JavaScript error: resource://cmsafeflag/SkipSBData.jsm, line 85: TypeError: aFile is undefined
JavaScript error: resource://cmsafeflag/SkipSBData.jsm, line 85: TypeError: aFile is undefined
JavaScript error: resource://cmsafeflag/SkipSBData.jsm, line 85: TypeError: aFile is undefined
JavaScript error: resource://cmsafeflag/SkipSBData.jsm, line 85: TypeError: aFile is undefined
JavaScript error: resource://cmsafeflag/SkipSBData.jsm, line 85: TypeError: aFile is undefined

Build info: version: '3.0.1', revision: '1969d75', time: '2016-10-18 09:49:13 -0700'
System info: host: 'DESKTOP-DSMJV8E', ip: '192.168.1.100', os.name: 'Windows 10', os.arch: 'amd64', os.version: '10.0', java.version: '1.8.0_121'
Driver info: driver.version: FirefoxDriver
	at org.openqa.selenium.firefox.internal.NewProfileExtensionConnection.start(NewProfileExtensionConnection.java:113)
	at org.openqa.selenium.firefox.FirefoxDriver.startClient(FirefoxDriver.java:347)
	at org.openqa.selenium.remote.RemoteWebDriver.<init>(RemoteWebDriver.java:116)
	at org.openqa.selenium.firefox.FirefoxDriver.<init>(FirefoxDriver.java:259)
	at org.openqa.selenium.firefox.FirefoxDriver.<init>(FirefoxDriver.java:247)
	at org.openqa.selenium.firefox.FirefoxDriver.<init>(FirefoxDriver.java:242)
	at org.openqa.selenium.firefox.FirefoxDriver.<init>(FirefoxDriver.java:238)
	at org.openqa.selenium.firefox.FirefoxDriver.<init>(FirefoxDriver.java:127)
	at com.nancy.util.DriverBase.setDriver(DriverBase.java:24)
	at com.nancy.testscripts.AddMultipleDressToCart.beforeClass(AddMultipleDressToCart.java:49)
]]></failure>
    <system-err><![CDATA[org.openqa.selenium.firefox.NotConnectedException: Unable to connect to host 127.0.0.1 on port 7055 after 45000 ms. Firefox console output:
g bootstrap method startup on screenshots@mozilla.org version 6.6.0
1498225647321	addons.xpi	DEBUG	Registering manifest for C:\Program Files (x86)\Mozilla Firefox\browser\features\webcompat@mozilla.org.xpi
1498225647322	addons.xpi	DEBUG	Calling bootstrap method startup on webcompat@mozilla.org version 1.1
1498225647325	addons.xpi	DEBUG	Calling bootstrap method startup on wx-assistant@mozillaonline.com version 2.0.2
1498225647328	addons.manager	DEBUG	Registering shutdown blocker for XPIProvider
1498225647328	addons.manager	DEBUG	Provider finished startup: XPIProvider
1498225647328	addons.manager	DEBUG	Starting provider: LightweightThemeManager
1498225647328	addons.manager	DEBUG	Registering shutdown blocker for LightweightThemeManager
1498225647328	addons.manager	DEBUG	Provider finished startup: LightweightThemeManager
1498225647329	addons.manager	DEBUG	Starting provider: GMPProvider
1498225647336	addons.manager	DEBUG	Registering shutdown blocker for GMPProvider
1498225647337	addons.manager	DEBUG	Provider finished startup: GMPProvider
1498225647337	addons.manager	DEBUG	Starting provider: PluginProvider
1498225647337	addons.manager	DEBUG	Registering shutdown blocker for PluginProvider
1498225647338	addons.manager	DEBUG	Provider finished startup: PluginProvider
1498225647338	addons.manager	DEBUG	Completed startup sequence
JavaScript error: resource://cpmanager-clv/CCLVData.jsm, line 46: NS_NOINTERFACE: Component returned failure code: 0x80004002 (NS_NOINTERFACE) [nsIFileURL.file]
1498225648822	addons.manager	DEBUG	Starting provider: <unnamed-provider>
1498225648823	addons.manager	DEBUG	Registering shutdown blocker for <unnamed-provider>
1498225648823	addons.manager	DEBUG	Provider finished startup: <unnamed-provider>
1498225648827	DeferredSave.extensions.json	DEBUG	Write succeeded
1498225648827	DeferredSave.extensions.json	DEBUG	Starting timer
JavaScript error: resource://cmsafeflag/SkipSBData.jsm, line 46: NS_NOINTERFACE: Component returned failure code: 0x80004002 (NS_NOINTERFACE) [nsIFileURL.file]
JavaScript error: resource://cmsafeflag/SkipSBData.jsm, line 85: TypeError: aFile is undefined
JavaScript error: resource://cmsafeflag/SkipSBData.jsm, line 85: TypeError: aFile is undefined
JavaScript error: resource://cmsafeflag/SkipSBData.jsm, line 85: TypeError: aFile is undefined
1498225648939	DeferredSave.extensions.json	DEBUG	Starting write
1498225649007	addons.webextension.wx-assistant@mozillaonline.com	WARN	Please specify whether you want browser_style or not in your browser_action options.
1498225649424	addons.repository	DEBUG	No addons.json found.
1498225649425	DeferredSave.addons.json	DEBUG	Save changes
1498225649430	DeferredSave.addons.json	DEBUG	Starting timer
1498225649640	addons.manager	DEBUG	Starting provider: PreviousExperimentProvider
1498225649640	addons.manager	DEBUG	Registering shutdown blocker for PreviousExperimentProvider
1498225649641	addons.manager	DEBUG	Provider finished startup: PreviousExperimentProvider
JavaScript error: resource://cmsafeflag/SkipSBData.jsm, line 85: TypeError: aFile is undefined
1498225649739	DeferredSave.addons.json	DEBUG	Starting write
1498225649844	DeferredSave.extensions.json	DEBUG	Write succeeded
JavaScript error: resource://cmsafeflag/SkipSBData.jsm, line 85: TypeError: aFile is undefined
JavaScript error: http://offlintab.firefoxchina.cn/static/preload.html, line 131: ReferenceError: mozIndexedDB is not defined
JavaScript error: resource://cmsafeflag/SkipSBData.jsm, line 85: TypeError: aFile is undefined
1498225649998	DeferredSave.addons.json	DEBUG	Write succeeded
JavaScript error: resource://cmsafeflag/SkipSBData.jsm, line 85: TypeError: aFile is undefined
JavaScript error: resource://cmsafeflag/SkipSBData.jsm, line 85: TypeError: aFile is undefined
JavaScript error: resource://cmsafeflag/SkipSBData.jsm, line 85: TypeError: aFile is undefined
JavaScript error: resource://cmsafeflag/SkipSBData.jsm, line 85: TypeError: aFile is undefined
JavaScript error: resource://cmsafeflag/SkipSBData.jsm, line 85: TypeError: aFile is undefined

	at org.openqa.selenium.firefox.internal.NewProfileExtensionConnection.start(NewProfileExtensionConnection.java:113)
	at org.openqa.selenium.firefox.FirefoxDriver.startClient(FirefoxDriver.java:347)
	at org.openqa.selenium.remote.RemoteWebDriver.<init>(RemoteWebDriver.java:116)
	at org.openqa.selenium.firefox.FirefoxDriver.<init>(FirefoxDriver.java:259)
	at org.openqa.selenium.firefox.FirefoxDriver.<init>(FirefoxDriver.java:247)
	at org.openqa.selenium.firefox.FirefoxDriver.<init>(FirefoxDriver.java:242)
	at org.openqa.selenium.firefox.FirefoxDriver.<init>(FirefoxDriver.java:238)
	at org.openqa.selenium.firefox.FirefoxDriver.<init>(FirefoxDriver.java:127)
	at com.nancy.util.DriverBase.setDriver(DriverBase.java:24)
	at com.nancy.testscripts.AddMultipleDressToCart.beforeClass(AddMultipleDressToCart.java:49)
	at sun.reflect.NativeMethodAccessorImpl.invoke0(Native Method)
	at sun.reflect.NativeMethodAccessorImpl.invoke(NativeMethodAccessorImpl.java:62)
	at sun.reflect.DelegatingMethodAccessorImpl.invoke(DelegatingMethodAccessorImpl.java:43)
	at java.lang.reflect.Method.invoke(Method.java:498)
	at org.testng.internal.MethodInvocationHelper.invokeMethod(MethodInvocationHelper.java:108)
	at org.testng.internal.Invoker.invokeConfigurationMethod(Invoker.java:523)
	at org.testng.internal.Invoker.invokeConfigurations(Invoker.java:224)
	at org.testng.internal.Invoker.invokeConfigurations(Invoker.java:146)
	at org.testng.internal.TestMethodWorker.invokeBeforeClassMethods(TestMethodWorker.java:166)
	at org.testng.internal.TestMethodWorker.run(TestMethodWorker.java:105)
	at org.testng.TestRunner.privateRun(TestRunner.java:744)
	at org.testng.TestRunner.run(TestRunner.java:602)
	at org.testng.SuiteRunner.runTest(SuiteRunner.java:380)
	at org.testng.SuiteRunner.runSequentially(SuiteRunner.java:375)
	at org.testng.SuiteRunner.privateRun(SuiteRunner.java:340)
	at org.testng.SuiteRunner.run(SuiteRunner.java:289)
	at org.testng.SuiteRunnerWorker.runSuite(SuiteRunnerWorker.java:52)
	at org.testng.SuiteRunnerWorker.run(SuiteRunnerWorker.java:86)
	at org.testng.TestNG.runSuitesSequentially(TestNG.java:1301)
	at org.testng.TestNG.runSuitesLocally(TestNG.java:1226)
	at org.testng.TestNG.runSuites(TestNG.java:1144)
	at org.testng.TestNG.run(TestNG.java:1115)
	at org.apache.maven.surefire.testng.TestNGExecutor.run(TestNGExecutor.java:178)
	at org.apache.maven.surefire.testng.TestNGXmlTestSuite.execute(TestNGXmlTestSuite.java:92)
	at org.apache.maven.surefire.testng.TestNGProvider.invoke(TestNGProvider.java:96)
	at sun.reflect.NativeMethodAccessorImpl.invoke0(Native Method)
	at sun.reflect.NativeMethodAccessorImpl.invoke(NativeMethodAccessorImpl.java:62)
	at sun.reflect.DelegatingMethodAccessorImpl.invoke(DelegatingMethodAccessorImpl.java:43)
	at java.lang.reflect.Method.invoke(Method.java:498)
	at org.apache.maven.surefire.util.ReflectionUtils.invokeMethodWithArray2(ReflectionUtils.java:208)
	at org.apache.maven.surefire.booter.ProviderFactory$ProviderProxy.invoke(ProviderFactory.java:159)
	at org.apache.maven.surefire.booter.ProviderFactory.invokeProvider(ProviderFactory.java:87)
	at org.apache.maven.surefire.booter.ForkedBooter.runSuitesInProcess(ForkedBooter.java:153)
	at org.apache.maven.surefire.booter.ForkedBooter.main(ForkedBooter.java:95)
]]></system-err>
  </testcase>
  <testcase name="AddMultipleDressToCart" classname="com.nancy.testscripts.AddMultipleDressToCart" time="0">
    <skipped/>
  </testcase>
  <testcase name="afterClass" classname="com.nancy.testscripts.AddMultipleDressToCart" time="0">
    <skipped/>
  </testcase>
</testsuite>